2019-07-12T01:40:33.719Z - normal: Load ~/.CocosCreator/settings.json
2019-07-12T01:40:33.722Z - normal: checking language setting...
2019-07-12T01:40:33.722Z - normal: Language: zh
2019-07-12T01:40:34.368Z - success: protocol editor-framework registered
2019-07-12T01:40:34.369Z - success: protocol app registered
2019-07-12T01:40:34.369Z - success: protocol theme registered
2019-07-12T01:40:34.369Z - success: protocol packages registered
2019-07-12T01:40:34.369Z - success: protocol unpack registerred
2019-07-12T01:40:34.369Z - success: protocol disable-commonjs registerred
2019-07-12T01:40:34.563Z - normal: connected!
2019-07-12T01:40:34.564Z - normal: Check project /Users/mac/projects/line2048
2019-07-12T01:40:34.565Z - normal: Initializing Cocos2d
2019-07-12T01:40:34.699Z - normal: Initializing Asset Database
2019-07-12T01:40:34.727Z - success: protocol uuid registerred
2019-07-12T01:40:34.727Z - success: protocol db registerred
2019-07-12T01:40:34.727Z - success: protocol thumbnail registerred
2019-07-12T01:40:34.727Z - normal: Loading editor/builtin packages
2019-07-12T01:40:34.744Z - success: anysdk loaded
2019-07-12T01:40:34.843Z - success: assets loaded
2019-07-12T01:40:34.847Z - success: builder loaded
2019-07-12T01:40:34.849Z - success: cocos-analytics loaded
2019-07-12T01:40:34.854Z - success: console loaded
2019-07-12T01:40:34.858Z - success: hierarchy loaded
2019-07-12T01:40:34.864Z - success: inspector loaded
2019-07-12T01:40:34.866Z - success: keystore loaded
2019-07-12T01:40:34.871Z - success: node-library loaded
2019-07-12T01:40:34.873Z - success: package-asset loaded
2019-07-12T01:40:34.875Z - success: preferences loaded
2019-07-12T01:40:34.878Z - success: project-exporter loaded
2019-07-12T01:40:34.893Z - success: project-importer loaded
2019-07-12T01:40:34.896Z - success: project-settings loaded
2019-07-12T01:40:34.898Z - success: ui-kit loaded
2019-07-12T01:40:34.903Z - success: ui-grid loaded
2019-07-12T01:40:34.907Z - success: scene loaded
2019-07-12T01:40:34.908Z - success: sprite-editor loaded
2019-07-12T01:40:34.912Z - success: store loaded
2019-07-12T01:40:34.918Z - success: timeline loaded
2019-07-12T01:40:34.918Z - normal: Loading builtin packages
2019-07-12T01:40:34.921Z - success: asset-db-debugger loaded
2019-07-12T01:40:34.922Z - success: color-picker loaded
2019-07-12T01:40:34.925Z - success: package-manager loaded
2019-07-12T01:40:34.981Z - success: sdkbox loaded
2019-07-12T01:40:34.987Z - success: tester loaded
2019-07-12T01:40:34.991Z - success: ui-kit-preview-extra loaded
2019-07-12T01:40:34.994Z - success: ui-kit-preview loaded
2019-07-12T01:40:34.997Z - success: ui-tree loaded
2019-07-12T01:40:35.799Z - normal: Initializing project /Users/mac/projects/line2048
2019-07-12T01:40:35.801Z - normal: Loading packages
2019-07-12T01:40:35.805Z - normal: Watching packages
2019-07-12T01:40:35.813Z - normal: Run Application
2019-07-12T01:40:36.500Z - success: preview server running at http://localhost:7456
2019-07-12T01:40:40.255Z - normal: 1.8.1
